android/app/build/intermediates/manifest_merge_blame_file/release/manifest-merger-blame-release-report.txt
1<?xml version="1.0" encoding="utf-8"?>
2<manifest xmlns:android="http://schemas.android.com/apk/res/android"
3    package="com.rnmusicplayer"
4    android:versionCode="1"
5    android:versionName="1.0" >
6
7    <uses-sdk
8        android:minSdkVersion="21"
8-->src/main/AndroidManifest.xml
9        android:targetSdkVersion="29" />
9-->src/main/AndroidManifest.xml
10
11    <uses-permission android:name="android.permission.INTERNET" />
11-->src/main/AndroidManifest.xml:4:5-67
11-->src/main/AndroidManifest.xml:4:22-64
12    <uses-permission android:name="android.permission.WAKE_LOCK" />
12-->[:react-native-track-player] AndroidManifest.xml:11:5-68
12-->[:react-native-track-player] AndroidManifest.xml:11:22-65
13    <uses-permission android:name="android.permission.FOREGROUND_SERVICE" />
13-->[:react-native-track-player] AndroidManifest.xml:12:5-77
13-->[:react-native-track-player] AndroidManifest.xml:12:22-74
14    <uses-permission android:name="android.permission.ACCESS_NETWORK_STATE" />
14-->[com.google.android.exoplayer:exoplayer-core:2.11.4] AndroidManifest.xml:24:5-79
14-->[com.google.android.exoplayer:exoplayer-core:2.11.4] AndroidManifest.xml:24:22-76
15
16    <application
16-->src/main/AndroidManifest.xml:6:5-24:19
17        android:name="com.rnmusicplayer.MainApplication"
17-->src/main/AndroidManifest.xml:7:7-38
18        android:allowBackup="false"
18-->src/main/AndroidManifest.xml:11:7-34
19        android:appComponentFactory="androidx.core.app.CoreComponentFactory"
19-->[androidx.core:core:1.3.0-rc01] AndroidManifest.xml:24:18-86
20        android:icon="@mipmap/ic_launcher"
20-->src/main/AndroidManifest.xml:9:7-41
21        android:label="@string/app_name"
21-->src/main/AndroidManifest.xml:8:7-39
22        android:roundIcon="@mipmap/ic_launcher_round"
22-->src/main/AndroidManifest.xml:10:7-52
23        android:theme="@style/AppTheme" >
23-->src/main/AndroidManifest.xml:12:7-38
24        <activity
24-->src/main/AndroidManifest.xml:13:7-23:18
25            android:name="com.rnmusicplayer.MainActivity"
25-->src/main/AndroidManifest.xml:14:9-37
26            android:configChanges="keyboard|keyboardHidden|orientation|screenSize|uiMode"
26-->src/main/AndroidManifest.xml:16:9-86
27            android:label="@string/app_name"
27-->src/main/AndroidManifest.xml:15:9-41
28            android:launchMode="singleTop"
28-->src/main/AndroidManifest.xml:17:9-39
29            android:windowSoftInputMode="adjustResize" >
29-->src/main/AndroidManifest.xml:18:9-51
30            <intent-filter>
30-->src/main/AndroidManifest.xml:19:9-22:25
31                <action android:name="android.intent.action.MAIN" />
31-->src/main/AndroidManifest.xml:20:13-65
31-->src/main/AndroidManifest.xml:20:21-62
32
33                <category android:name="android.intent.category.LAUNCHER" />
33-->src/main/AndroidManifest.xml:21:13-73
33-->src/main/AndroidManifest.xml:21:23-70
34            </intent-filter>
35        </activity>
36        <!-- The main service, handles playback, playlists and media buttons -->
37        <service
37-->[:react-native-track-player] AndroidManifest.xml:17:9-24:19
38            android:name="com.guichaguri.trackplayer.service.MusicService"
38-->[:react-native-track-player] AndroidManifest.xml:18:13-75
39            android:enabled="true"
39-->[:react-native-track-player] AndroidManifest.xml:19:13-35
40            android:exported="true" >
40-->[:react-native-track-player] AndroidManifest.xml:20:13-36
41            <intent-filter>
41-->[:react-native-track-player] AndroidManifest.xml:21:13-23:29
42                <action android:name="android.intent.action.MEDIA_BUTTON" />
42-->[:react-native-track-player] AndroidManifest.xml:22:17-77
42-->[:react-native-track-player] AndroidManifest.xml:22:25-74
43            </intent-filter>
44        </service> <!-- A receiver that will receive media buttons. Required on pre-lollipop devices -->
45        <receiver android:name="androidx.media.session.MediaButtonReceiver" >
45-->[:react-native-track-player] AndroidManifest.xml:27:9-31:20
45-->[:react-native-track-player] AndroidManifest.xml:27:19-76
46            <intent-filter>
46-->[:react-native-track-player] AndroidManifest.xml:21:13-23:29
47                <action android:name="android.intent.action.MEDIA_BUTTON" />
47-->[:react-native-track-player] AndroidManifest.xml:22:17-77
47-->[:react-native-track-player] AndroidManifest.xml:22:25-74
48            </intent-filter>
49        </receiver>
50    </application>
51
52</manifest>